[+] Containers:
 |- [+] Container: /Game/FirstPerson/Maps/FirstPersonMap
 |   |- [+] ActorDescs:
 |   |   |- Guid:0434DAAC4CF9DB481B8419AFCFADDA40 BaseClass: NativeClass:/Script/Engine.StaticMeshActor Name:StaticMeshActor_UAID_088FC327B42292B901_1469933218 Label:Extrude3 SpatiallyLoaded:1 Bounds:IsValid=true, Min=(X=1630.000 Y=1863.333 Z=-20.000), Max=(X=1890.000 Y=2193.333 Z=270.000) RuntimeGrid:None EditorOnly:0 RuntimeOnly:0 HLODRelevant:0
 |   |   |- Guid:057A1B704565BEB890F013A90E0674DF BaseClass:/Game/BP_Patrol2.BP_Patrol2_C NativeClass:/Script/Engine.Pawn Name:BP_Patrol2_C_UAID_088FC327B422F9BB01_1570342460 Label:BP_Patrol7 SpatiallyLoaded:1 Bounds:IsValid=true, Min=(X=1470.000 Y=1690.000 Z=0.000), Max=(X=1470.000 Y=1690.000 Z=0.000) RuntimeGrid:None EditorOnly:0 RuntimeOnly:0 HLODRelevant:0
 |   |   |- Guid:091FCB9E40948D873B03F89458F4C91F BaseClass: NativeClass:/Script/Engine.StaticMeshActor Name:StaticMeshActor_UAID_088FC327B4229BB901_2027893815 Label:Extrude7 SpatiallyLoaded:1 Bounds:IsValid=true, Min=(X=2010.000 Y=2260.000 Z=-20.000), Max=(X=2530.000 Y=2920.000 Z=270.000) RuntimeGrid:None EditorOnly:0 RuntimeOnly:0 HLODRelevant:0
 |   |   |- Guid:12E8885D45FDF4213398D9ABEA3518DB BaseClass:/Game/BP_Movers.BP_Movers_C NativeClass:/Script/Engine.Character Name:BP_Movers_C_UAID_088FC327B422CFBB01_1151950076 Label:BP_Movers8 SpatiallyLoaded:1 Bounds:IsValid=true, Min=(X=1288.562 Y=4182.654 Z=724.770), Max=(X=1446.074 Y=4327.161 Z=909.905) RuntimeGrid:None EditorOnly:0 RuntimeOnly:0 HLODRelevant:0
 |   |   |- Guid:1883FB0849C14A985F9D5FB4EE4D6468 BaseClass:/Game/Camera_BP.Camera_BP_C NativeClass:/Script/Engine.StaticMeshActor Name:Camera_BP_C_UAID_088FC327B422CFBB01_1170091078 Label:Camera_BP2 SpatiallyLoaded:1 Bounds:IsValid=true, Min=(X=2316.757 Y=834.779 Z=226.601), Max=(X=2421.647 Y=924.504 Z=305.539) RuntimeGrid:None EditorOnly:0 RuntimeOnly:0 HLODRelevant:1
 |   |   |- Guid:1A4E6CBD4C66901943AF619632D524F3 BaseClass:/Game/Camera_BP.Camera_BP_C NativeClass:/Script/Engine.StaticMeshActor Name:Camera_BP_C_UAID_088FC327B422D0BB01_1153583260 Label:Camera_BP7 SpatiallyLoaded:1 Bounds:IsValid=true, Min=(X=364.779 Y=3154.779 Z=585.000), Max=(X=458.202 Y=3244.504 Z=635.000) RuntimeGrid:None EditorOnly:0 RuntimeOnly:0 HLODRelevant:1
 |   |   |- Guid:1F137EBD4E2F32A2B9E39782C9438F79 BaseClass:/Game/BP_Movers.BP_Movers_C NativeClass:/Script/Engine.Character Name:BP_Movers_C_UAID_088FC327B422CFBB01_1151952077 Label:BP_Movers9 SpatiallyLoaded:1 Bounds:IsValid=true, Min=(X=430.877 Y=3330.135 Z=675.433), Max=(X=642.822 Y=3543.683 Z=860.567) RuntimeGrid:None EditorOnly:0 RuntimeOnly:0 HLODRelevant:0
 |   |   |- Guid:21262252453B37957EF29F82ABA2413B BaseClass: NativeClass:/Script/Engine.TextRenderActor Name:TextRenderActor_1 Label:TextRenderActor SpatiallyLoaded:1 Bounds:IsValid=true, Min=(X=-0.100 Y=1100.000 Z=65.013), Max=(X=-0.100 Y=2363.461 Z=215.013) RuntimeGrid:None EditorOnly:0 RuntimeOnly:0 HLODRelevant:0
 |   |   |- Guid:23F5CEDA4F1DAC17AC9D6197E7A10D31 BaseClass: NativeClass:/Script/Engine.StaticMeshActor Name:StaticMeshActor_UAID_088FC327B422CEBB01_2126434895 Label:Extrude11 SpatiallyLoaded:1 Bounds:IsValid=true, Min=(X=2010.000 Y=3101.428 Z=304.867), Max=(X=2530.000 Y=3820.811 Z=803.111) RuntimeGrid:None EditorOnly:0 RuntimeOnly:0 HLODRelevant:0
 |   |   |- Guid:25D4BBB840942998654328BE00A483FB BaseClass:/Game/BP_Check.BP_Check_C NativeClass:/Script/Engine.Actor Name:BP_Check_C_UAID_088FC327B4229ABC01_2075749791 Label:BP_Check SpatiallyLoaded:1 Bounds:IsValid=true, Min=(X=650.000 Y=120.000 Z=-12.500), Max=(X=750.000 Y=220.000 Z=72.000) RuntimeGrid:None EditorOnly:0 RuntimeOnly:0 HLODRelevant:0
 |   |   |- Guid:2A1CD17140C50CEE4C433BBEF22A80A3 BaseClass: NativeClass:/Script/Engine.StaticMeshActor Name:StaticMeshActor_UAID_088FC327B422CEBB01_2126435896 Label:Extrude12 SpatiallyLoaded:1 Bounds:IsValid=true, Min=(X=230.000 Y=3069.817 Z=304.004), Max=(X=750.000 Y=3789.200 Z=802.248) RuntimeGrid:None EditorOnly:0 RuntimeOnly:0 HLODRelevant:0
 |   |   |- Guid:2EAF59944B8D3D59CF468597507FC59B BaseClass:/Game/BP_Movers.BP_Movers_C NativeClass:/Script/Engine.Character Name:BP_Movers_C_UAID_088FC327B42265BA01_1427630352 Label:BP_Movers3 SpatiallyLoaded:1 Bounds:IsValid=true, Min=(X=2085.696 Y=2515.719 Z=10.000), Max=(X=2233.310 Y=2660.226 Z=188.000) RuntimeGrid:None EditorOnly:0 RuntimeOnly:0 HLODRelevant:0
 |   |   |- Guid:3CB243EC462FCD5F7B9B7CA8BA72CB94 BaseClass:/Game/BP_Patrol2.BP_Patrol2_C NativeClass:/Script/Engine.Pawn Name:BP_Patrol2_C_UAID_088FC327B422F9BB01_1535626459 Label:BP_Patrol6 SpatiallyLoaded:1 Bounds:IsValid=true, Min=(X=2310.000 Y=1020.000 Z=0.000), Max=(X=2310.000 Y=1020.000 Z=0.000) RuntimeGrid:None EditorOnly:0 RuntimeOnly:0 HLODRelevant:0
 |   |   |- Guid:47BF1D2746C214F5A6227BAA35177AB6 BaseClass:/Game/Camera_BP.Camera_BP_C NativeClass:/Script/Engine.StaticMeshActor Name:Camera_BP_C_UAID_088FC327B422CFBB01_1213985079 Label:Camera_BP3 SpatiallyLoaded:1 Bounds:IsValid=true, Min=(X=424.779 Y=684.779 Z=245.000), Max=(X=518.202 Y=774.504 Z=295.000) RuntimeGrid:None EditorOnly:0 RuntimeOnly:0 HLODRelevant:1
 |   |   |- Guid:58D4387B47A6A915F9DEA38299944FCB BaseClass: NativeClass:/Script/Engine.StaticMeshActor Name:StaticMeshActor_UAID_088FC327B422F9BB01_2061062461 Label:Extrude16 SpatiallyLoaded:1 Bounds:IsValid=true, Min=(X=1200.000 Y=-693.196 Z=-1215.993), Max=(X=1490.000 Y=788.380 Z=690.173) RuntimeGrid:None EditorOnly:0 RuntimeOnly:0 HLODRelevant:0
 |   |   |- Guid:5A09A44A44F425D183E3D2A9FD588BF3 BaseClass: NativeClass:/Script/NavigationSystem.NavMeshBoundsVolume Name:NavMeshBoundsVolume_UAID_088FC327B4229AB901_2134709633 Label:NavMeshBoundsVolume SpatiallyLoaded:0 Bounds:IsValid=true, Min=(X=25.000 Y=45.000 Z=-1375.000), Max=(X=2775.000 Y=2795.000 Z=1375.000) RuntimeGrid:None EditorOnly:0 RuntimeOnly:0 HLODRelevant:0
 |   |   |- Guid:5FE7584649BB6F09265329A6C57CFD0D BaseClass: NativeClass:/Script/Engine.VolumetricCloud Name:VolumetricCloud_0 Label:VolumetricCloud SpatiallyLoaded:0 Bounds:IsValid=true, Min=(X=0.000 Y=0.000 Z=820.000), Max=(X=0.000 Y=0.000 Z=820.000) RuntimeGrid:None EditorOnly:0 RuntimeOnly:0 HLODRelevant:0 FolderPath:Lighting FolderGuid:0BA5F0A04EADB18E70D5B180D08FA34B
 |   |   |- Guid:61391D344900612A77DFC3BA3E354907 BaseClass: NativeClass:/Script/Engine.ExponentialHeightFog Name:ExponentialHeightFog_0 Label:ExponentialHeightFog SpatiallyLoaded:0 Bounds:IsValid=true, Min=(X=-5600.000 Y=-50.000 Z=-6850.000), Max=(X=-5600.000 Y=-50.000 Z=-6850.000) RuntimeGrid:None EditorOnly:0 RuntimeOnly:0 HLODRelevant:0 FolderPath:Lighting FolderGuid:0BA5F0A04EADB18E70D5B180D08FA34B
 |   |   |- Guid:67600917442E314E1EA444868FC0263C BaseClass: NativeClass:/Script/Engine.StaticMeshActor Name:StaticMeshActor_UAID_088FC327B42292B901_1459102217 Label:Extrude2 SpatiallyLoaded:1 Bounds:IsValid=true, Min=(X=1650.000 Y=1330.000 Z=-20.000), Max=(X=1910.000 Y=1660.000 Z=270.000) RuntimeGrid:None EditorOnly:0 RuntimeOnly:0 HLODRelevant:0
 |   |   |- Guid:6C934E144A0878F3349CF1A8A9270012 BaseClass: NativeClass:/Script/Engine.StaticMeshActor Name:StaticMeshActor_UAID_088FC327B42298B901_2109871278 Label:Extrude4 SpatiallyLoaded:1 Bounds:IsValid=true, Min=(X=920.000 Y=1330.000 Z=-40.000), Max=(X=1180.000 Y=1660.000 Z=250.000) RuntimeGrid:None EditorOnly:0 RuntimeOnly:0 HLODRelevant:0
 |   |   |- Guid:6D265AFC41ADAB766386368600AA88E2 BaseClass: NativeClass:/Script/Engine.StaticMeshActor Name:StaticMeshActor_UAID_088FC327B422CFBB01_1105853074 Label:Extrude14 SpatiallyLoaded:1 Bounds:IsValid=true, Min=(X=2030.000 Y=3923.319 Z=605.241), Max=(X=2550.000 Y=4642.702 Z=1103.486) RuntimeGrid:None EditorOnly:0 RuntimeOnly:0 HLODRelevant:0
 |   |   |- Guid:6EA2A4A6498C1698D31C01A333129226 BaseClass:/Game/BP_Patrol2.BP_Patrol2_C NativeClass:/Script/Engine.Pawn Name:BP_Patrol2_C_UAID_088FC327B422D0BB01_2128465265 Label:BP_Patrol4 SpatiallyLoaded:1 Bounds:IsValid=true, Min=(X=510.000 Y=4340.000 Z=760.000), Max=(X=510.000 Y=4340.000 Z=760.000) RuntimeGrid:None EditorOnly:0 RuntimeOnly:0 HLODRelevant:0
 |   |   |- Guid:6FEFB3BD4EB37B849EF0D4AC80F83855 BaseClass: NativeClass:/Script/Engine.WorldDataLayers Name:WorldDataLayers Label:WorldDataLayers SpatiallyLoaded:0 Bounds:IsValid=true, Min=(X=0.000 Y=0.000 Z=0.000), Max=(X=0.000 Y=0.000 Z=0.000) RuntimeGrid:None EditorOnly:0 RuntimeOnly:0 HLODRelevant:0
 |   |   |- Guid:78CAF7514C7533F30BD2F19A017AAB65 BaseClass: NativeClass:/Script/Engine.StaticMeshActor Name:StaticMeshActor_0 Label:SM_Cube SpatiallyLoaded:1 Bounds:IsValid=true, Min=(X=-140.000 Y=-120.000 Z=-50.000), Max=(X=2860.000 Y=2930.000 Z=0.000) RuntimeGrid:None EditorOnly:0 RuntimeOnly:0 HLODRelevant:1 FolderPath:Playground FolderGuid:6C02BB504B69D1F3D7A624B130C18E5B
 |   |   |- Guid:7CB555AA49D80F5B47B5C7B909E86A34 BaseClass: NativeClass:/Script/NavigationSystem.NavMeshBoundsVolume Name:NavMeshBoundsVolume_UAID_088FC327B422CDBB01_1651861711 Label:NavMeshBoundsVolume2 SpatiallyLoaded:0 Bounds:IsValid=true, Min=(X=25.000 Y=3195.000 Z=-1375.000), Max=(X=2775.000 Y=5945.000 Z=1375.000) RuntimeGrid:None EditorOnly:0 RuntimeOnly:0 HLODRelevant:0
 |   |   |- Guid:809BF6184A1DAFE51A90F29BAA5B32A7 BaseClass: NativeClass:/Script/Engine.StaticMeshActor Name:StaticMeshActor_UAID_088FC327B422CDBB01_1714697717 Label:Extrude9 SpatiallyLoaded:1 Bounds:IsValid=true, Min=(X=1630.000 Y=1863.333 Z=-20.000), Max=(X=1890.000 Y=2193.333 Z=270.000) RuntimeGrid:None EditorOnly:0 RuntimeOnly:0 HLODRelevant:0
 |   |   |- Guid:8EABF9394C10A3A7F18393A80E23744D BaseClass: NativeClass:/Script/Engine.StaticMeshActor Name:StaticMeshActor_UAID_088FC327B4229BB901_2027892814 Label:Extrude6 SpatiallyLoaded:1 Bounds:IsValid=true, Min=(X=2020.000 Y=723.333 Z=-20.000), Max=(X=2540.000 Y=1383.333 Z=270.000) RuntimeGrid:None EditorOnly:0 RuntimeOnly:0 HLODRelevant:0
 |   |   |- Guid:A39EF0C34D6CA444C371D68524B88281 BaseClass: NativeClass:/Script/Engine.StaticMeshActor Name:StaticMeshActor_UAID_088FC327B422CFBB01_1105851073 Label:Extrude13 SpatiallyLoaded:1 Bounds:IsValid=true, Min=(X=250.000 Y=3898.548 Z=585.584), Max=(X=770.000 Y=4617.931 Z=1083.828) RuntimeGrid:None EditorOnly:0 RuntimeOnly:0 HLODRelevant:0
 |   |   |- Guid:A4F242AF4635E2197ADA6E8E6D076332 BaseClass:/Game/BP_Patrol2.BP_Patrol2_C NativeClass:/Script/Engine.Pawn Name:BP_Patrol2_C_UAID_088FC327B422D0BB01_2124358264 Label:BP_Patrol3 SpatiallyLoaded:1 Bounds:IsValid=true, Min=(X=2410.000 Y=4440.000 Z=820.000), Max=(X=2410.000 Y=4440.000 Z=820.000) RuntimeGrid:None EditorOnly:0 RuntimeOnly:0 HLODRelevant:0
 |   |   |- Guid:AF89D5BD4FDB5B318627A3AC64648B35 BaseClass: NativeClass:/Script/Engine.StaticMeshActor Name:StaticMeshActor_UAID_088FC327B422CFBB01_1454661081 Label:Extrude15 SpatiallyLoaded:1 Bounds:IsValid=true, Min=(X=1200.000 Y=3269.963 Z=-648.925), Max=(X=1490.000 Y=4512.637 Z=1287.049) RuntimeGrid:None EditorOnly:0 RuntimeOnly:0 HLODRelevant:0
 |   |   |- Guid:B5EF26844574EC2472A360BC1639986A BaseClass:/Game/Camera_BP.Camera_BP_C NativeClass:/Script/Engine.StaticMeshActor Name:Camera_BP_C_UAID_088FC327B42293B901_1389640397 Label:Camera_BP SpatiallyLoaded:1 Bounds:IsValid=true, Min=(X=525.087 Y=619.464 Z=176.253), Max=(X=609.973 Y=725.091 Z=255.366) RuntimeGrid:None EditorOnly:0 RuntimeOnly:0 HLODRelevant:1
 |   |   |- Guid:B800518D42ED2B8AA0CCA1951FBD04FF BaseClass:/Game/Camera_BP.Camera_BP_C NativeClass:/Script/Engine.StaticMeshActor Name:Camera_BP_C_UAID_088FC327B422CFBB01_1227369080 Label:Camera_BP4 SpatiallyLoaded:1 Bounds:IsValid=true, Min=(X=1087.957 Y=1919.766 Z=245.000), Max=(X=1162.303 Y=2012.043 Z=295.000) RuntimeGrid:None EditorOnly:0 RuntimeOnly:0 HLODRelevant:1
 |   |   |- Guid:B93DC2A544E8F668F237A6B9B6BBC982 BaseClass: NativeClass:/Script/Engine.StaticMeshActor Name:StaticMeshActor_UAID_088FC327B422CEBB01_2097098894 Label:Extrude10 SpatiallyLoaded:1 Bounds:IsValid=true, Min=(X=1200.000 Y=2531.804 Z=-473.141), Max=(X=1490.000 Y=3363.380 Z=307.192) RuntimeGrid:None EditorOnly:0 RuntimeOnly:0 HLODRelevant:0
 |   |   |- Guid:C0C56B9644AE3D40CAFF6A878DB29844 BaseClass: NativeClass:/Script/Engine.StaticMeshActor Name:StaticMeshActor_UAID_A4AE111137DC5EFB00_2001720423 Label:SM_SkySphere SpatiallyLoaded:0 Bounds:IsValid=true, Min=(X=-1638400.000 Y=-1638400.000 Z=-1638400.000), Max=(X=1638400.000 Y=1638400.000 Z=1638400.000) RuntimeGrid:None EditorOnly:0 RuntimeOnly:0 HLODRelevant:1 FolderPath:Lighting FolderGuid:0BA5F0A04EADB18E70D5B180D08FA34B
 |   |   |- Guid:C22CE07C4B87D685137FDBBC10FC92C6 BaseClass: NativeClass:/Script/Engine.SkyAtmosphere Name:SkyAtmosphere_0 Label:SkyAtmosphere SpatiallyLoaded:0 Bounds:IsValid=true, Min=(X=0.000 Y=0.000 Z=1020.000), Max=(X=0.000 Y=0.000 Z=1020.000) RuntimeGrid:None EditorOnly:0 RuntimeOnly:0 HLODRelevant:0 FolderPath:Lighting FolderGuid:0BA5F0A04EADB18E70D5B180D08FA34B
 |   |   |- Guid:C3EA069445668630F8663F955AB6C007 BaseClass: NativeClass:/Script/Engine.StaticMeshActor Name:StaticMeshActor_UAID_088FC327B4229BB901_2027888813 Label:Extrude5 SpatiallyLoaded:1 Bounds:IsValid=true, Min=(X=230.000 Y=2290.000 Z=-30.000), Max=(X=750.000 Y=2950.000 Z=260.000) RuntimeGrid:None EditorOnly:0 RuntimeOnly:0 HLODRelevant:0
 |   |   |- Guid:C61F93CE4D149C6C92EA81B265FAE7C6 BaseClass:/Game/BP_Movers.BP_Movers_C NativeClass:/Script/Engine.Character Name:BP_Movers_C_UAID_088FC327B4229BB901_1108586810 Label:BP_Movers SpatiallyLoaded:1 Bounds:IsValid=true, Min=(X=509.774 Y=815.696 Z=50.000), Max=(X=654.281 Y=963.310 Z=228.000) RuntimeGrid:None EditorOnly:0 RuntimeOnly:0 HLODRelevant:0
 |   |   |- Guid:C77878CE46D7B231AC5325B2B8ECFDA2 BaseClass:/Game/BP_Patrol2.BP_Patrol2_C NativeClass:/Script/Engine.Pawn Name:BP_Patrol2_C_UAID_088FC327B422D0BB01_1317133262 Label:BP_Patrol2 SpatiallyLoaded:1 Bounds:IsValid=true, Min=(X=2280.000 Y=3390.000 Z=410.000), Max=(X=2280.000 Y=3390.000 Z=410.000) RuntimeGrid:None EditorOnly:0 RuntimeOnly:0 HLODRelevant:0
 |   |   |- Guid:C8CFFCEF4DC4A2AC8F3824A1F3F29810 BaseClass: NativeClass:/Script/Engine.PlayerStart Name:PlayerStart_UAID_088FC327B422CDBB01_1678966716 Label:PlayerStart SpatiallyLoaded:0 Bounds:IsValid=true, Min=(X=1070.000 Y=120.000 Z=0.000), Max=(X=1150.000 Y=200.000 Z=184.000) RuntimeGrid:None EditorOnly:0 RuntimeOnly:0 HLODRelevant:0
 |   |   |- Guid:CE8D82634660FCDB3120E2B8D547C533 BaseClass: NativeClass:/Script/Engine.PostProcessVolume Name:PostProcessVolume_0 Label:PostProcessVolume SpatiallyLoaded:0 Bounds:IsValid=true, Min=(X=0.000 Y=0.000 Z=400.000), Max=(X=200.000 Y=200.000 Z=600.000) RuntimeGrid:None EditorOnly:0 RuntimeOnly:0 HLODRelevant:0 FolderPath:Lighting FolderGuid:0BA5F0A04EADB18E70D5B180D08FA34B
 |   |   |- Guid:D1643C6447B2C9962E0792844ABFB6E8 BaseClass:/Game/BP_Movers.BP_Movers_C NativeClass:/Script/Engine.Character Name:BP_Movers_C_UAID_088FC327B42265BA01_1425886351 Label:BP_Movers2 SpatiallyLoaded:1 Bounds:IsValid=true, Min=(X=1596.690 Y=1519.774 Z=110.000), Max=(X=1744.304 Y=1664.281 Z=288.000) RuntimeGrid:None EditorOnly:0 RuntimeOnly:0 HLODRelevant:0
 |   |   |- Guid:DF790FBF44377E48EEDBA08BB3439456 BaseClass: NativeClass:/Script/Engine.StaticMeshActor Name:StaticMeshActor_UAID_088FC327B422CDBB01_1651865712 Label:SM_Cube2 SpatiallyLoaded:1 Bounds:IsValid=true, Min=(X=-140.000 Y=3050.293 Z=-40.000), Max=(X=2860.000 Y=4837.954 Z=895.978) RuntimeGrid:None EditorOnly:0 RuntimeOnly:0 HLODRelevant:1 FolderPath:Playground FolderGuid:6C02BB504B69D1F3D7A624B130C18E5B
 |   |   |- Guid:E0E79B06498007E6F4CA73B95C0C38B3 BaseClass: NativeClass:/Script/NavigationSystem.RecastNavMesh Name:RecastNavMesh_UAID_088FC327B4229AB901-Default Label:RecastNavMesh-Default SpatiallyLoaded:0 Bounds:IsValid=true, Min=(X=0.000 Y=0.000 Z=0.000), Max=(X=0.000 Y=0.000 Z=0.000) RuntimeGrid:None EditorOnly:0 RuntimeOnly:0 HLODRelevant:0
 |   |   |- Guid:E1BF6C6B4F98FC0B26C8DE9468F95C1F BaseClass:/Game/Camera_BP.Camera_BP_C NativeClass:/Script/Engine.StaticMeshActor Name:Camera_BP_C_UAID_088FC327B422D0BB01_1149474258 Label:Camera_BP5 SpatiallyLoaded:1 Bounds:IsValid=true, Min=(X=2331.798 Y=3194.779 Z=565.000), Max=(X=2425.221 Y=3284.504 Z=615.000) RuntimeGrid:None EditorOnly:0 RuntimeOnly:0 HLODRelevant:1
 |   |   |- Guid:E5320C1B4FD9764CE7B54D8487AEC613 BaseClass: NativeClass:/Script/Engine.SkyLight Name:SkyLight_0 Label:SkyLight SpatiallyLoaded:0 Bounds:IsValid=true, Min=(X=0.000 Y=0.000 Z=690.000), Max=(X=0.000 Y=0.000 Z=690.000) RuntimeGrid:None EditorOnly:0 RuntimeOnly:0 HLODRelevant:0 FolderPath:Lighting FolderGuid:0BA5F0A04EADB18E70D5B180D08FA34B
 |   |   |- Guid:EB1465D04C23355827D8439B0A5A16A5 BaseClass: NativeClass:/Script/Engine.StaticMeshActor Name:StaticMeshActor_UAID_088FC327B42292B901_1454688216 Label:Extrude SpatiallyLoaded:1 Bounds:IsValid=true, Min=(X=900.000 Y=1793.333 Z=-30.000), Max=(X=1160.000 Y=2123.333 Z=260.000) RuntimeGrid:None EditorOnly:0 RuntimeOnly:0 HLODRelevant:0
 |   |   |- Guid:EF42FBAE49CA9A7D7DA200BBEA7F2A0C BaseClass:/Game/BP_Movers.BP_Movers_C NativeClass:/Script/Engine.Character Name:BP_Movers_C_UAID_088FC327B422CFBB01_1151947075 Label:BP_Movers7 SpatiallyLoaded:1 Bounds:IsValid=true, Min=(X=2147.528 Y=4290.023 Z=763.993), Max=(X=2361.076 Y=4501.968 Z=949.128) RuntimeGrid:None EditorOnly:0 RuntimeOnly:0 HLODRelevant:0
 |   |   |- Guid:F245709B48106EF3BCBACAA6D15FF49F BaseClass:/Game/BP_Patrol2.BP_Patrol2_C NativeClass:/Script/Engine.Pawn Name:BP_Patrol2_C_UAID_088FC327B422F9BB01_1529100458 Label:BP_Patrol5 SpatiallyLoaded:1 Bounds:IsValid=true, Min=(X=570.000 Y=2520.000 Z=0.000), Max=(X=570.000 Y=2520.000 Z=0.000) RuntimeGrid:None EditorOnly:0 RuntimeOnly:0 HLODRelevant:0
 |   |   |- Guid:F6BE911140EA01BA0B202A9F8D16A865 BaseClass:/Game/Camera_BP.Camera_BP_C NativeClass:/Script/Engine.StaticMeshActor Name:Camera_BP_C_UAID_088FC327B422D0BB01_1151504259 Label:Camera_BP6 SpatiallyLoaded:1 Bounds:IsValid=true, Min=(X=387.769 Y=4359.869 Z=999.255), Max=(X=483.721 Y=4454.151 Z=1091.103) RuntimeGrid:None EditorOnly:0 RuntimeOnly:0 HLODRelevant:1
 |   |   |- Guid:F80621C9446867154938FE81375207DA BaseClass: NativeClass:/Script/Engine.DirectionalLight Name:DirectionalLight_1 Label:DirectionalLight SpatiallyLoaded:0 Bounds:IsValid=true, Min=(X=-1048576.000 Y=-1048576.000 Z=-1048576.000), Max=(X=1048576.000 Y=1048576.000 Z=1048576.000) RuntimeGrid:None EditorOnly:0 RuntimeOnly:0 HLODRelevant:0 FolderPath:Lighting FolderGuid:0BA5F0A04EADB18E70D5B180D08FA34B
 |   |   |- Guid:FE2320454C0C7D4BAF2664AD240A9481 BaseClass: NativeClass:/Script/Engine.StaticMeshActor Name:StaticMeshActor_UAID_088FC327B4229BB901_2027894816 Label:Extrude8 SpatiallyLoaded:1 Bounds:IsValid=true, Min=(X=270.000 Y=573.333 Z=-40.000), Max=(X=790.000 Y=1233.333 Z=250.000) RuntimeGrid:None EditorOnly:0 RuntimeOnly:0 HLODRelevant:0
 |   |- [+] Clusters:
 |   |   |- [+] [  0]
 |   |   |   |- Guid:C61F93CE4D149C6C92EA81B265FAE7C6 BaseClass:/Game/BP_Movers.BP_Movers_C NativeClass:/Script/Engine.Character Name:BP_Movers_C_UAID_088FC327B4229BB901_1108586810 Label:BP_Movers SpatiallyLoaded:1 Bounds:IsValid=true, Min=(X=509.774 Y=815.696 Z=50.000), Max=(X=654.281 Y=963.310 Z=228.000) RuntimeGrid:None EditorOnly:0 RuntimeOnly:0 HLODRelevant:0
 |   |   |- [+] [  1]
 |   |   |   |- Guid:6D265AFC41ADAB766386368600AA88E2 BaseClass: NativeClass:/Script/Engine.StaticMeshActor Name:StaticMeshActor_UAID_088FC327B422CFBB01_1105853074 Label:Extrude14 SpatiallyLoaded:1 Bounds:IsValid=true, Min=(X=2030.000 Y=3923.319 Z=605.241), Max=(X=2550.000 Y=4642.702 Z=1103.486) RuntimeGrid:None EditorOnly:0 RuntimeOnly:0 HLODRelevant:0
 |   |   |- [+] [  2]
 |   |   |   |- Guid:61391D344900612A77DFC3BA3E354907 BaseClass: NativeClass:/Script/Engine.ExponentialHeightFog Name:ExponentialHeightFog_0 Label:ExponentialHeightFog SpatiallyLoaded:0 Bounds:IsValid=true, Min=(X=-5600.000 Y=-50.000 Z=-6850.000), Max=(X=-5600.000 Y=-50.000 Z=-6850.000) RuntimeGrid:None EditorOnly:0 RuntimeOnly:0 HLODRelevant:0 FolderPath:Lighting FolderGuid:0BA5F0A04EADB18E70D5B180D08FA34B
 |   |   |- [+] [  3]
 |   |   |   |- Guid:5FE7584649BB6F09265329A6C57CFD0D BaseClass: NativeClass:/Script/Engine.VolumetricCloud Name:VolumetricCloud_0 Label:VolumetricCloud SpatiallyLoaded:0 Bounds:IsValid=true, Min=(X=0.000 Y=0.000 Z=820.000), Max=(X=0.000 Y=0.000 Z=820.000) RuntimeGrid:None EditorOnly:0 RuntimeOnly:0 HLODRelevant:0 FolderPath:Lighting FolderGuid:0BA5F0A04EADB18E70D5B180D08FA34B
 |   |   |- [+] [  4]
 |   |   |   |- Guid:58D4387B47A6A915F9DEA38299944FCB BaseClass: NativeClass:/Script/Engine.StaticMeshActor Name:StaticMeshActor_UAID_088FC327B422F9BB01_2061062461 Label:Extrude16 SpatiallyLoaded:1 Bounds:IsValid=true, Min=(X=1200.000 Y=-693.196 Z=-1215.993), Max=(X=1490.000 Y=788.380 Z=690.173) RuntimeGrid:None EditorOnly:0 RuntimeOnly:0 HLODRelevant:0
 |   |   |- [+] [  5]
 |   |   |   |- Guid:A39EF0C34D6CA444C371D68524B88281 BaseClass: NativeClass:/Script/Engine.StaticMeshActor Name:StaticMeshActor_UAID_088FC327B422CFBB01_1105851073 Label:Extrude13 SpatiallyLoaded:1 Bounds:IsValid=true, Min=(X=250.000 Y=3898.548 Z=585.584), Max=(X=770.000 Y=4617.931 Z=1083.828) RuntimeGrid:None EditorOnly:0 RuntimeOnly:0 HLODRelevant:0
 |   |   |- [+] [  6]
 |   |   |   |- Guid:8EABF9394C10A3A7F18393A80E23744D BaseClass: NativeClass:/Script/Engine.StaticMeshActor Name:StaticMeshActor_UAID_088FC327B4229BB901_2027892814 Label:Extrude6 SpatiallyLoaded:1 Bounds:IsValid=true, Min=(X=2020.000 Y=723.333 Z=-20.000), Max=(X=2540.000 Y=1383.333 Z=270.000) RuntimeGrid:None EditorOnly:0 RuntimeOnly:0 HLODRelevant:0
 |   |   |- [+] [  7]
 |   |   |   |- Guid:F80621C9446867154938FE81375207DA BaseClass: NativeClass:/Script/Engine.DirectionalLight Name:DirectionalLight_1 Label:DirectionalLight SpatiallyLoaded:0 Bounds:IsValid=true, Min=(X=-1048576.000 Y=-1048576.000 Z=-1048576.000), Max=(X=1048576.000 Y=1048576.000 Z=1048576.000) RuntimeGrid:None EditorOnly:0 RuntimeOnly:0 HLODRelevant:0 FolderPath:Lighting FolderGuid:0BA5F0A04EADB18E70D5B180D08FA34B
 |   |   |- [+] [  8]
 |   |   |   |- Guid:23F5CEDA4F1DAC17AC9D6197E7A10D31 BaseClass: NativeClass:/Script/Engine.StaticMeshActor Name:StaticMeshActor_UAID_088FC327B422CEBB01_2126434895 Label:Extrude11 SpatiallyLoaded:1 Bounds:IsValid=true, Min=(X=2010.000 Y=3101.428 Z=304.867), Max=(X=2530.000 Y=3820.811 Z=803.111) RuntimeGrid:None EditorOnly:0 RuntimeOnly:0 HLODRelevant:0
 |   |   |- [+] [  9]
 |   |   |   |- Guid:21262252453B37957EF29F82ABA2413B BaseClass: NativeClass:/Script/Engine.TextRenderActor Name:TextRenderActor_1 Label:TextRenderActor SpatiallyLoaded:1 Bounds:IsValid=true, Min=(X=-0.100 Y=1100.000 Z=65.013), Max=(X=-0.100 Y=2363.461 Z=215.013) RuntimeGrid:None EditorOnly:0 RuntimeOnly:0 HLODRelevant:0
 |   |   |- [+] [ 10]
 |   |   |   |- Guid:5A09A44A44F425D183E3D2A9FD588BF3 BaseClass: NativeClass:/Script/NavigationSystem.NavMeshBoundsVolume Name:NavMeshBoundsVolume_UAID_088FC327B4229AB901_2134709633 Label:NavMeshBoundsVolume SpatiallyLoaded:0 Bounds:IsValid=true, Min=(X=25.000 Y=45.000 Z=-1375.000), Max=(X=2775.000 Y=2795.000 Z=1375.000) RuntimeGrid:None EditorOnly:0 RuntimeOnly:0 HLODRelevant:0
 |   |   |- [+] [ 11]
 |   |   |   |- Guid:67600917442E314E1EA444868FC0263C BaseClass: NativeClass:/Script/Engine.StaticMeshActor Name:StaticMeshActor_UAID_088FC327B42292B901_1459102217 Label:Extrude2 SpatiallyLoaded:1 Bounds:IsValid=true, Min=(X=1650.000 Y=1330.000 Z=-20.000), Max=(X=1910.000 Y=1660.000 Z=270.000) RuntimeGrid:None EditorOnly:0 RuntimeOnly:0 HLODRelevant:0
 |   |   |- [+] [ 12]
 |   |   |   |- Guid:C8CFFCEF4DC4A2AC8F3824A1F3F29810 BaseClass: NativeClass:/Script/Engine.PlayerStart Name:PlayerStart_UAID_088FC327B422CDBB01_1678966716 Label:PlayerStart SpatiallyLoaded:0 Bounds:IsValid=true, Min=(X=1070.000 Y=120.000 Z=0.000), Max=(X=1150.000 Y=200.000 Z=184.000) RuntimeGrid:None EditorOnly:0 RuntimeOnly:0 HLODRelevant:0
 |   |   |- [+] [ 13]
 |   |   |   |- Guid:FE2320454C0C7D4BAF2664AD240A9481 BaseClass: NativeClass:/Script/Engine.StaticMeshActor Name:StaticMeshActor_UAID_088FC327B4229BB901_2027894816 Label:Extrude8 SpatiallyLoaded:1 Bounds:IsValid=true, Min=(X=270.000 Y=573.333 Z=-40.000), Max=(X=790.000 Y=1233.333 Z=250.000) RuntimeGrid:None EditorOnly:0 RuntimeOnly:0 HLODRelevant:0
 |   |   |- [+] [ 14]
 |   |   |   |- Guid:B93DC2A544E8F668F237A6B9B6BBC982 BaseClass: NativeClass:/Script/Engine.StaticMeshActor Name:StaticMeshActor_UAID_088FC327B422CEBB01_2097098894 Label:Extrude10 SpatiallyLoaded:1 Bounds:IsValid=true, Min=(X=1200.000 Y=2531.804 Z=-473.141), Max=(X=1490.000 Y=3363.380 Z=307.192) RuntimeGrid:None EditorOnly:0 RuntimeOnly:0 HLODRelevant:0
 |   |   |- [+] [ 15]
 |   |   |   |- Guid:EB1465D04C23355827D8439B0A5A16A5 BaseClass: NativeClass:/Script/Engine.StaticMeshActor Name:StaticMeshActor_UAID_088FC327B42292B901_1454688216 Label:Extrude SpatiallyLoaded:1 Bounds:IsValid=true, Min=(X=900.000 Y=1793.333 Z=-30.000), Max=(X=1160.000 Y=2123.333 Z=260.000) RuntimeGrid:None EditorOnly:0 RuntimeOnly:0 HLODRelevant:0
 |   |   |- [+] [ 16]
 |   |   |   |- Guid:D1643C6447B2C9962E0792844ABFB6E8 BaseClass:/Game/BP_Movers.BP_Movers_C NativeClass:/Script/Engine.Character Name:BP_Movers_C_UAID_088FC327B42265BA01_1425886351 Label:BP_Movers2 SpatiallyLoaded:1 Bounds:IsValid=true, Min=(X=1596.690 Y=1519.774 Z=110.000), Max=(X=1744.304 Y=1664.281 Z=288.000) RuntimeGrid:None EditorOnly:0 RuntimeOnly:0 HLODRelevant:0
 |   |   |- [+] [ 17]
 |   |   |   |- Guid:AF89D5BD4FDB5B318627A3AC64648B35 BaseClass: NativeClass:/Script/Engine.StaticMeshActor Name:StaticMeshActor_UAID_088FC327B422CFBB01_1454661081 Label:Extrude15 SpatiallyLoaded:1 Bounds:IsValid=true, Min=(X=1200.000 Y=3269.963 Z=-648.925), Max=(X=1490.000 Y=4512.637 Z=1287.049) RuntimeGrid:None EditorOnly:0 RuntimeOnly:0 HLODRelevant:0
 |   |   |- [+] [ 18]
 |   |   |   |- Guid:DF790FBF44377E48EEDBA08BB3439456 BaseClass: NativeClass:/Script/Engine.StaticMeshActor Name:StaticMeshActor_UAID_088FC327B422CDBB01_1651865712 Label:SM_Cube2 SpatiallyLoaded:1 Bounds:IsValid=true, Min=(X=-140.000 Y=3050.293 Z=-40.000), Max=(X=2860.000 Y=4837.954 Z=895.978) RuntimeGrid:None EditorOnly:0 RuntimeOnly:0 HLODRelevant:1 FolderPath:Playground FolderGuid:6C02BB504B69D1F3D7A624B130C18E5B
 |   |   |- [+] [ 19]
 |   |   |   |- Guid:091FCB9E40948D873B03F89458F4C91F BaseClass: NativeClass:/Script/Engine.StaticMeshActor Name:StaticMeshActor_UAID_088FC327B4229BB901_2027893815 Label:Extrude7 SpatiallyLoaded:1 Bounds:IsValid=true, Min=(X=2010.000 Y=2260.000 Z=-20.000), Max=(X=2530.000 Y=2920.000 Z=270.000) RuntimeGrid:None EditorOnly:0 RuntimeOnly:0 HLODRelevant:0
 |   |   |- [+] [ 20]
 |   |   |   |- Guid:E0E79B06498007E6F4CA73B95C0C38B3 BaseClass: NativeClass:/Script/NavigationSystem.RecastNavMesh Name:RecastNavMesh_UAID_088FC327B4229AB901-Default Label:RecastNavMesh-Default SpatiallyLoaded:0 Bounds:IsValid=true, Min=(X=0.000 Y=0.000 Z=0.000), Max=(X=0.000 Y=0.000 Z=0.000) RuntimeGrid:None EditorOnly:0 RuntimeOnly:0 HLODRelevant:0
 |   |   |- [+] [ 21]
 |   |   |   |- Guid:E5320C1B4FD9764CE7B54D8487AEC613 BaseClass: NativeClass:/Script/Engine.SkyLight Name:SkyLight_0 Label:SkyLight SpatiallyLoaded:0 Bounds:IsValid=true, Min=(X=0.000 Y=0.000 Z=690.000), Max=(X=0.000 Y=0.000 Z=690.000) RuntimeGrid:None EditorOnly:0 RuntimeOnly:0 HLODRelevant:0 FolderPath:Lighting FolderGuid:0BA5F0A04EADB18E70D5B180D08FA34B
 |   |   |- [+] [ 22]
 |   |   |   |- Guid:EF42FBAE49CA9A7D7DA200BBEA7F2A0C BaseClass:/Game/BP_Movers.BP_Movers_C NativeClass:/Script/Engine.Character Name:BP_Movers_C_UAID_088FC327B422CFBB01_1151947075 Label:BP_Movers7 SpatiallyLoaded:1 Bounds:IsValid=true, Min=(X=2147.528 Y=4290.023 Z=763.993), Max=(X=2361.076 Y=4501.968 Z=949.128) RuntimeGrid:None EditorOnly:0 RuntimeOnly:0 HLODRelevant:0
 |   |   |- [+] [ 23]
 |   |   |   |- Guid:2A1CD17140C50CEE4C433BBEF22A80A3 BaseClass: NativeClass:/Script/Engine.StaticMeshActor Name:StaticMeshActor_UAID_088FC327B422CEBB01_2126435896 Label:Extrude12 SpatiallyLoaded:1 Bounds:IsValid=true, Min=(X=230.000 Y=3069.817 Z=304.004), Max=(X=750.000 Y=3789.200 Z=802.248) RuntimeGrid:None EditorOnly:0 RuntimeOnly:0 HLODRelevant:0
 |   |   |- [+] [ 24]
 |   |   |   |- Guid:6C934E144A0878F3349CF1A8A9270012 BaseClass: NativeClass:/Script/Engine.StaticMeshActor Name:StaticMeshActor_UAID_088FC327B42298B901_2109871278 Label:Extrude4 SpatiallyLoaded:1 Bounds:IsValid=true, Min=(X=920.000 Y=1330.000 Z=-40.000), Max=(X=1180.000 Y=1660.000 Z=250.000) RuntimeGrid:None EditorOnly:0 RuntimeOnly:0 HLODRelevant:0
 |   |   |- [+] [ 25]
 |   |   |   |- Guid:B5EF26844574EC2472A360BC1639986A BaseClass:/Game/Camera_BP.Camera_BP_C NativeClass:/Script/Engine.StaticMeshActor Name:Camera_BP_C_UAID_088FC327B42293B901_1389640397 Label:Camera_BP SpatiallyLoaded:1 Bounds:IsValid=true, Min=(X=525.087 Y=619.464 Z=176.253), Max=(X=609.973 Y=725.091 Z=255.366) RuntimeGrid:None EditorOnly:0 RuntimeOnly:0 HLODRelevant:1
 |   |   |- [+] [ 26]
 |   |   |   |- Guid:78CAF7514C7533F30BD2F19A017AAB65 BaseClass: NativeClass:/Script/Engine.StaticMeshActor Name:StaticMeshActor_0 Label:SM_Cube SpatiallyLoaded:1 Bounds:IsValid=true, Min=(X=-140.000 Y=-120.000 Z=-50.000), Max=(X=2860.000 Y=2930.000 Z=0.000) RuntimeGrid:None EditorOnly:0 RuntimeOnly:0 HLODRelevant:1 FolderPath:Playground FolderGuid:6C02BB504B69D1F3D7A624B130C18E5B
 |   |   |- [+] [ 27]
 |   |   |   |- Guid:7CB555AA49D80F5B47B5C7B909E86A34 BaseClass: NativeClass:/Script/NavigationSystem.NavMeshBoundsVolume Name:NavMeshBoundsVolume_UAID_088FC327B422CDBB01_1651861711 Label:NavMeshBoundsVolume2 SpatiallyLoaded:0 Bounds:IsValid=true, Min=(X=25.000 Y=3195.000 Z=-1375.000), Max=(X=2775.000 Y=5945.000 Z=1375.000) RuntimeGrid:None EditorOnly:0 RuntimeOnly:0 HLODRelevant:0
 |   |   |- [+] [ 28]
 |   |   |   |- Guid:12E8885D45FDF4213398D9ABEA3518DB BaseClass:/Game/BP_Movers.BP_Movers_C NativeClass:/Script/Engine.Character Name:BP_Movers_C_UAID_088FC327B422CFBB01_1151950076 Label:BP_Movers8 SpatiallyLoaded:1 Bounds:IsValid=true, Min=(X=1288.562 Y=4182.654 Z=724.770), Max=(X=1446.074 Y=4327.161 Z=909.905) RuntimeGrid:None EditorOnly:0 RuntimeOnly:0 HLODRelevant:0
 |   |   |- [+] [ 29]
 |   |   |   |- Guid:809BF6184A1DAFE51A90F29BAA5B32A7 BaseClass: NativeClass:/Script/Engine.StaticMeshActor Name:StaticMeshActor_UAID_088FC327B422CDBB01_1714697717 Label:Extrude9 SpatiallyLoaded:1 Bounds:IsValid=true, Min=(X=1630.000 Y=1863.333 Z=-20.000), Max=(X=1890.000 Y=2193.333 Z=270.000) RuntimeGrid:None EditorOnly:0 RuntimeOnly:0 HLODRelevant:0
 |   |   |- [+] [ 30]
 |   |   |   |- Guid:C3EA069445668630F8663F955AB6C007 BaseClass: NativeClass:/Script/Engine.StaticMeshActor Name:StaticMeshActor_UAID_088FC327B4229BB901_2027888813 Label:Extrude5 SpatiallyLoaded:1 Bounds:IsValid=true, Min=(X=230.000 Y=2290.000 Z=-30.000), Max=(X=750.000 Y=2950.000 Z=260.000) RuntimeGrid:None EditorOnly:0 RuntimeOnly:0 HLODRelevant:0
 |   |   |- [+] [ 31]
 |   |   |   |- Guid:0434DAAC4CF9DB481B8419AFCFADDA40 BaseClass: NativeClass:/Script/Engine.StaticMeshActor Name:StaticMeshActor_UAID_088FC327B42292B901_1469933218 Label:Extrude3 SpatiallyLoaded:1 Bounds:IsValid=true, Min=(X=1630.000 Y=1863.333 Z=-20.000), Max=(X=1890.000 Y=2193.333 Z=270.000) RuntimeGrid:None EditorOnly:0 RuntimeOnly:0 HLODRelevant:0
 |   |   |- [+] [ 32]
 |   |   |   |- Guid:C22CE07C4B87D685137FDBBC10FC92C6 BaseClass: NativeClass:/Script/Engine.SkyAtmosphere Name:SkyAtmosphere_0 Label:SkyAtmosphere SpatiallyLoaded:0 Bounds:IsValid=true, Min=(X=0.000 Y=0.000 Z=1020.000), Max=(X=0.000 Y=0.000 Z=1020.000) RuntimeGrid:None EditorOnly:0 RuntimeOnly:0 HLODRelevant:0 FolderPath:Lighting FolderGuid:0BA5F0A04EADB18E70D5B180D08FA34B
 |   |   |- [+] [ 33]
 |   |   |   |- Guid:C0C56B9644AE3D40CAFF6A878DB29844 BaseClass: NativeClass:/Script/Engine.StaticMeshActor Name:StaticMeshActor_UAID_A4AE111137DC5EFB00_2001720423 Label:SM_SkySphere SpatiallyLoaded:0 Bounds:IsValid=true, Min=(X=-1638400.000 Y=-1638400.000 Z=-1638400.000), Max=(X=1638400.000 Y=1638400.000 Z=1638400.000) RuntimeGrid:None EditorOnly:0 RuntimeOnly:0 HLODRelevant:1 FolderPath:Lighting FolderGuid:0BA5F0A04EADB18E70D5B180D08FA34B
 |   |   |- [+] [ 34]
 |   |   |   |- Guid:6FEFB3BD4EB37B849EF0D4AC80F83855 BaseClass: NativeClass:/Script/Engine.WorldDataLayers Name:WorldDataLayers Label:WorldDataLayers SpatiallyLoaded:0 Bounds:IsValid=true, Min=(X=0.000 Y=0.000 Z=0.000), Max=(X=0.000 Y=0.000 Z=0.000) RuntimeGrid:None EditorOnly:0 RuntimeOnly:0 HLODRelevant:0
 |   |   |- [+] [ 35]
 |   |   |   |- Guid:1883FB0849C14A985F9D5FB4EE4D6468 BaseClass:/Game/Camera_BP.Camera_BP_C NativeClass:/Script/Engine.StaticMeshActor Name:Camera_BP_C_UAID_088FC327B422CFBB01_1170091078 Label:Camera_BP2 SpatiallyLoaded:1 Bounds:IsValid=true, Min=(X=2316.757 Y=834.779 Z=226.601), Max=(X=2421.647 Y=924.504 Z=305.539) RuntimeGrid:None EditorOnly:0 RuntimeOnly:0 HLODRelevant:1
 |   |   |   |- Guid:B800518D42ED2B8AA0CCA1951FBD04FF BaseClass:/Game/Camera_BP.Camera_BP_C NativeClass:/Script/Engine.StaticMeshActor Name:Camera_BP_C_UAID_088FC327B422CFBB01_1227369080 Label:Camera_BP4 SpatiallyLoaded:1 Bounds:IsValid=true, Min=(X=1087.957 Y=1919.766 Z=245.000), Max=(X=1162.303 Y=2012.043 Z=295.000) RuntimeGrid:None EditorOnly:0 RuntimeOnly:0 HLODRelevant:1
 |   |   |   |- Guid:47BF1D2746C214F5A6227BAA35177AB6 BaseClass:/Game/Camera_BP.Camera_BP_C NativeClass:/Script/Engine.StaticMeshActor Name:Camera_BP_C_UAID_088FC327B422CFBB01_1213985079 Label:Camera_BP3 SpatiallyLoaded:1 Bounds:IsValid=true, Min=(X=424.779 Y=684.779 Z=245.000), Max=(X=518.202 Y=774.504 Z=295.000) RuntimeGrid:None EditorOnly:0 RuntimeOnly:0 HLODRelevant:1
 |   |   |   |- Guid:F245709B48106EF3BCBACAA6D15FF49F BaseClass:/Game/BP_Patrol2.BP_Patrol2_C NativeClass:/Script/Engine.Pawn Name:BP_Patrol2_C_UAID_088FC327B422F9BB01_1529100458 Label:BP_Patrol5 SpatiallyLoaded:1 Bounds:IsValid=true, Min=(X=570.000 Y=2520.000 Z=0.000), Max=(X=570.000 Y=2520.000 Z=0.000) RuntimeGrid:None EditorOnly:0 RuntimeOnly:0 HLODRelevant:0
 |   |   |   |- Guid:3CB243EC462FCD5F7B9B7CA8BA72CB94 BaseClass:/Game/BP_Patrol2.BP_Patrol2_C NativeClass:/Script/Engine.Pawn Name:BP_Patrol2_C_UAID_088FC327B422F9BB01_1535626459 Label:BP_Patrol6 SpatiallyLoaded:1 Bounds:IsValid=true, Min=(X=2310.000 Y=1020.000 Z=0.000), Max=(X=2310.000 Y=1020.000 Z=0.000) RuntimeGrid:None EditorOnly:0 RuntimeOnly:0 HLODRelevant:0
 |   |   |   |- Guid:057A1B704565BEB890F013A90E0674DF BaseClass:/Game/BP_Patrol2.BP_Patrol2_C NativeClass:/Script/Engine.Pawn Name:BP_Patrol2_C_UAID_088FC327B422F9BB01_1570342460 Label:BP_Patrol7 SpatiallyLoaded:1 Bounds:IsValid=true, Min=(X=1470.000 Y=1690.000 Z=0.000), Max=(X=1470.000 Y=1690.000 Z=0.000) RuntimeGrid:None EditorOnly:0 RuntimeOnly:0 HLODRelevant:0
 |   |   |- [+] [ 36]
 |   |   |   |- Guid:CE8D82634660FCDB3120E2B8D547C533 BaseClass: NativeClass:/Script/Engine.PostProcessVolume Name:PostProcessVolume_0 Label:PostProcessVolume SpatiallyLoaded:0 Bounds:IsValid=true, Min=(X=0.000 Y=0.000 Z=400.000), Max=(X=200.000 Y=200.000 Z=600.000) RuntimeGrid:None EditorOnly:0 RuntimeOnly:0 HLODRelevant:0 FolderPath:Lighting FolderGuid:0BA5F0A04EADB18E70D5B180D08FA34B
 |   |   |- [+] [ 37]
 |   |   |   |- Guid:1A4E6CBD4C66901943AF619632D524F3 BaseClass:/Game/Camera_BP.Camera_BP_C NativeClass:/Script/Engine.StaticMeshActor Name:Camera_BP_C_UAID_088FC327B422D0BB01_1153583260 Label:Camera_BP7 SpatiallyLoaded:1 Bounds:IsValid=true, Min=(X=364.779 Y=3154.779 Z=585.000), Max=(X=458.202 Y=3244.504 Z=635.000) RuntimeGrid:None EditorOnly:0 RuntimeOnly:0 HLODRelevant:1
 |   |   |   |- Guid:1F137EBD4E2F32A2B9E39782C9438F79 BaseClass:/Game/BP_Movers.BP_Movers_C NativeClass:/Script/Engine.Character Name:BP_Movers_C_UAID_088FC327B422CFBB01_1151952077 Label:BP_Movers9 SpatiallyLoaded:1 Bounds:IsValid=true, Min=(X=430.877 Y=3330.135 Z=675.433), Max=(X=642.822 Y=3543.683 Z=860.567) RuntimeGrid:None EditorOnly:0 RuntimeOnly:0 HLODRelevant:0
 |   |   |   |- Guid:F6BE911140EA01BA0B202A9F8D16A865 BaseClass:/Game/Camera_BP.Camera_BP_C NativeClass:/Script/Engine.StaticMeshActor Name:Camera_BP_C_UAID_088FC327B422D0BB01_1151504259 Label:Camera_BP6 SpatiallyLoaded:1 Bounds:IsValid=true, Min=(X=387.769 Y=4359.869 Z=999.255), Max=(X=483.721 Y=4454.151 Z=1091.103) RuntimeGrid:None EditorOnly:0 RuntimeOnly:0 HLODRelevant:1
 |   |   |   |- Guid:E1BF6C6B4F98FC0B26C8DE9468F95C1F BaseClass:/Game/Camera_BP.Camera_BP_C NativeClass:/Script/Engine.StaticMeshActor Name:Camera_BP_C_UAID_088FC327B422D0BB01_1149474258 Label:Camera_BP5 SpatiallyLoaded:1 Bounds:IsValid=true, Min=(X=2331.798 Y=3194.779 Z=565.000), Max=(X=2425.221 Y=3284.504 Z=615.000) RuntimeGrid:None EditorOnly:0 RuntimeOnly:0 HLODRelevant:1
 |   |   |   |- Guid:C77878CE46D7B231AC5325B2B8ECFDA2 BaseClass:/Game/BP_Patrol2.BP_Patrol2_C NativeClass:/Script/Engine.Pawn Name:BP_Patrol2_C_UAID_088FC327B422D0BB01_1317133262 Label:BP_Patrol2 SpatiallyLoaded:1 Bounds:IsValid=true, Min=(X=2280.000 Y=3390.000 Z=410.000), Max=(X=2280.000 Y=3390.000 Z=410.000) RuntimeGrid:None EditorOnly:0 RuntimeOnly:0 HLODRelevant:0
 |   |   |   |- Guid:A4F242AF4635E2197ADA6E8E6D076332 BaseClass:/Game/BP_Patrol2.BP_Patrol2_C NativeClass:/Script/Engine.Pawn Name:BP_Patrol2_C_UAID_088FC327B422D0BB01_2124358264 Label:BP_Patrol3 SpatiallyLoaded:1 Bounds:IsValid=true, Min=(X=2410.000 Y=4440.000 Z=820.000), Max=(X=2410.000 Y=4440.000 Z=820.000) RuntimeGrid:None EditorOnly:0 RuntimeOnly:0 HLODRelevant:0
 |   |   |   |- Guid:6EA2A4A6498C1698D31C01A333129226 BaseClass:/Game/BP_Patrol2.BP_Patrol2_C NativeClass:/Script/Engine.Pawn Name:BP_Patrol2_C_UAID_088FC327B422D0BB01_2128465265 Label:BP_Patrol4 SpatiallyLoaded:1 Bounds:IsValid=true, Min=(X=510.000 Y=4340.000 Z=760.000), Max=(X=510.000 Y=4340.000 Z=760.000) RuntimeGrid:None EditorOnly:0 RuntimeOnly:0 HLODRelevant:0
 |   |   |- [+] [ 38]
 |   |   |   |- Guid:2EAF59944B8D3D59CF468597507FC59B BaseClass:/Game/BP_Movers.BP_Movers_C NativeClass:/Script/Engine.Character Name:BP_Movers_C_UAID_088FC327B42265BA01_1427630352 Label:BP_Movers3 SpatiallyLoaded:1 Bounds:IsValid=true, Min=(X=2085.696 Y=2515.719 Z=10.000), Max=(X=2233.310 Y=2660.226 Z=188.000) RuntimeGrid:None EditorOnly:0 RuntimeOnly:0 HLODRelevant:0
 |   |   |- [+] [ 39]
 |   |   |   |- Guid:25D4BBB840942998654328BE00A483FB BaseClass:/Game/BP_Check.BP_Check_C NativeClass:/Script/Engine.Actor Name:BP_Check_C_UAID_088FC327B4229ABC01_2075749791 Label:BP_Check SpatiallyLoaded:1 Bounds:IsValid=true, Min=(X=650.000 Y=120.000 Z=-12.500), Max=(X=750.000 Y=220.000 Z=72.000) RuntimeGrid:None EditorOnly:0 RuntimeOnly:0 HLODRelevant:0
 |- ContainerInstances:
 |- [+] MainContainer:
 |   |-        ID: 0x0000000000000000
 |   |-    Bounds: IsValid=false, Min=(X=0.000 Y=0.000 Z=0.000), Max=(X=0.000 Y=0.000 Z=0.000)
 |   |- Transform: 0.000000,0.000000,0.000000|0.000000,0.000000,-0.000000|1.000000,1.000000,1.000000
 |   |- Container: /Game/FirstPerson/Maps/FirstPersonMap
----------------------------------------------------------------------------------------------------------------
FirstPersonMap - Persistent Level
----------------------------------------------------------------------------------------------------------------
Always loaded Actor Count: 65 

----------------------------------------------------------------------------------------------------------------
FirstPersonMap - Runtime Spatial Hash - Streaming Grid - MainGrid
----------------------------------------------------------------------------------------------------------------
            Origin: X=0.000 Y=0.000 Z=0.000
         Cell Size: 12800
      World Bounds: IsValid=false, Min=(X=0.000 Y=0.000 Z=0.000), Max=(X=0.000 Y=0.000 Z=0.000)
     Loading Range: 25600.00
Block Slow Loading: No
 ClientOnlyVisible: No

[+] Grid Levels: 1
 |- Level  0: Cell Count    0 | Cell Size   12800 | Actor Count    0 (0.0%)

[+] Content of Grid Level 0

